<html>
<head>
<title>TestNG:  Surefire test</title>
<link href="../testng.css" rel="stylesheet" type="text/css" />
<link href="../my-testng.css" rel="stylesheet" type="text/css" />

<style type="text/css">
.log { display: none;} 
.stack-trace { display: none;} 
</style>
<script type="text/javascript">
<!--
function flip(e) {
  current = e.style.display;
  if (current == 'block') {
    e.style.display = 'none';
    return 0;
  }
  else {
    e.style.display = 'block';
    return 1;
  }
}

function toggleBox(szDivId, elem, msg1, msg2)
{
  var res = -1;  if (document.getElementById) {
    res = flip(document.getElementById(szDivId));
  }
  else if (document.all) {
    // this is the way old msie versions work
    res = flip(document.all[szDivId]);
  }
  if(elem) {
    if(res == 0) elem.innerHTML = msg1; else elem.innerHTML = msg2;
  }

}

function toggleAllBoxes() {
  if (document.getElementsByTagName) {
    d = document.getElementsByTagName('div');
    for (i = 0; i < d.length; i++) {
      if (d[i].className == 'log') {
        flip(d[i]);
      }
    }
  }
}

// -->
</script>

</head>
<body>
<h2 align='center'>Surefire test</h2><table border='1' align="center">
<tr>
<td>Tests passed/Failed/Skipped:</td><td>0/1/0</td>
</tr><tr>
<td>Started on:</td><td>Sat May 11 21:41:15 EDT 2019</td>
</tr>
<tr><td>Total time:</td><td>2 seconds (2733 ms)</td>
</tr><tr>
<td>Included groups:</td><td></td>
</tr><tr>
<td>Excluded groups:</td><td></td>
</tr>
</table><p/>
<small><i>(Hover the method name to see the test class name)</i></small><p/>
<table width='100%' border='1' class='invocation-failed'>
<tr><td colspan='4' align='center'><b>FAILED TESTS</b></td></tr>
<tr><td><b>Test method</b></td>
<td width="30%"><b>Exception</b></td>
<td width="10%"><b>Time (seconds)</b></td>
<td><b>Instance</b></td>
</tr>
<tr>
<td title='com.citrus.demo.citrustest.CitrusSampleTest.test()'><b>test</b><br>Test class: com.citrus.demo.citrustest.CitrusSampleTest</td>
<td><div><pre>com.consol.citrus.exceptions.TestCaseFailedException: Validation failed: Values not equal for header element &apos;citrus_http_status_code&apos;, expected &apos;201&apos; but was &apos;403&apos;
	at com.consol.citrus.dsl.testng.TestNGCitrusTest.invokeTestMethod(TestNGCitrusTest.java:131)
	at com.consol.citrus.dsl.testng.TestNGCitrusTest.run(TestNGCitrusTest.java:110)
	at com.consol.citrus.dsl.testng.TestNGCitrusTest.run(TestNGCitrusTest.java:56)
Caused by: com.consol.citrus.exceptions.TestCaseFailedException: Validation failed: Values not equal for header element &apos;citrus_http_status_code&apos;, expected &apos;201&apos; but was &apos;403&apos;
	at com.consol.citrus.TestCase.executeAction(TestCase.java:227)
	at com.consol.citrus.dsl.runner.DefaultTestRunner.run(DefaultTestRunner.java:188)
	at com.consol.citrus.dsl.runner.DefaultTestRunner.http(DefaultTestRunner.java:540)
	at com.consol.citrus.dsl.testng.TestNGCitrusTestRunner.http(TestNGCitrusTestRunner.java:375)
	at com.citrus.demo.citrustest.CitrusSampleTest.test(CitrusSampleTest.java:50)
	at org.springframework.util.ReflectionUtils.invokeMethod(ReflectionUtils.java:223)
	at com.consol.citrus.dsl.testng.TestNGCitrusTest.invokeTestMethod(TestNGCitrusTest.java:128)
	... 28 more
Caused by: com.consol.citrus.exceptions.ValidationException: Validation failed: Values not equal for header element &apos;citrus_http_status_code&apos;, expected &apos;201&apos; but was &apos;403&apos;
	at com.consol.citrus.validation.DefaultHeaderValidator.validateHeader(DefaultHeaderValidator.java:77)
	at com.consol.citrus.validation.DefaultMessageHeaderValidator.validateMessage(DefaultMessageHeaderValidator.java:90)
	at com.consol.citrus.validation.DefaultMessageHeaderValidator.validateMessage(DefaultMessageHeaderValidator.java:36)
	at com.consol.citrus.validation.AbstractMessageValidator.validateMessage(AbstractMessageValidator.java:46)
	at com.consol.citrus.actions.ReceiveMessageAction.validateMessage(ReceiveMessageAction.java:231)
	at com.consol.citrus.actions.ReceiveMessageAction.doExecute(ReceiveMessageAction.java:128)
	at com.consol.citrus.actions.AbstractTestAction.execute(AbstractTestAction.java:42)
	at com.consol.citrus.dsl.actions.DelegatingTestAction.doExecute(DelegatingTestAction.java:54)
	at com.consol.citrus.actions.AbstractTestAction.execute(AbstractTestAction.java:42)
	at com.consol.citrus.TestCase.executeAction(TestCase.java:220)
	... 38 more
Caused by: java.lang.IllegalArgumentException: Values not equal for header element &apos;citrus_http_status_code&apos;, expected &apos;201&apos; but was &apos;403&apos;
	at org.springframework.util.Assert.isTrue(Assert.java:116)
	at com.consol.citrus.validation.DefaultHeaderValidator.validateHeader(DefaultHeaderValidator.java:64)
	... 47 more
... Removed 30 stack frames</pre></div><a href='#' onClick='toggleBox("stack-trace1623287112", this, "Click to show all stack frames", "Click to hide stack frames")'>Click to show all stack frames</a>
<div class='stack-trace' id='stack-trace1623287112'><pre>com.consol.citrus.exceptions.TestCaseFailedException: Validation failed: Values not equal for header element &apos;citrus_http_status_code&apos;, expected &apos;201&apos; but was &apos;403&apos;
	at com.consol.citrus.dsl.testng.TestNGCitrusTest.invokeTestMethod(TestNGCitrusTest.java:131)
	at com.consol.citrus.dsl.testng.TestNGCitrusTest.run(TestNGCitrusTest.java:110)
	at com.consol.citrus.dsl.testng.TestNGCitrusTest.run(TestNGCitrusTest.java:56)
	at org.testng.internal.MethodInvocationHelper.invokeHookable(MethodInvocationHelper.java:242)
	at org.testng.internal.Invoker.invokeMethod(Invoker.java:579)
	at org.testng.internal.Invoker.invokeTestMethod(Invoker.java:719)
	at org.testng.internal.Invoker.invokeTestMethods(Invoker.java:989)
	at org.testng.internal.TestMethodWorker.invokeTestMethods(TestMethodWorker.java:125)
	at org.testng.internal.TestMethodWorker.run(TestMethodWorker.java:109)
	at org.testng.TestRunner.privateRun(TestRunner.java:648)
	at org.testng.TestRunner.run(TestRunner.java:505)
	at org.testng.SuiteRunner.runTest(SuiteRunner.java:455)
	at org.testng.SuiteRunner.runSequentially(SuiteRunner.java:450)
	at org.testng.SuiteRunner.privateRun(SuiteRunner.java:415)
	at org.testng.SuiteRunner.run(SuiteRunner.java:364)
	at org.testng.SuiteRunnerWorker.runSuite(SuiteRunnerWorker.java:52)
	at org.testng.SuiteRunnerWorker.run(SuiteRunnerWorker.java:84)
	at org.testng.TestNG.runSuitesSequentially(TestNG.java:1208)
	at org.testng.TestNG.runSuitesLocally(TestNG.java:1137)
	at org.testng.TestNG.runSuites(TestNG.java:1049)
	at org.testng.TestNG.run(TestNG.java:1017)
	at org.apache.maven.surefire.testng.TestNGExecutor.run(TestNGExecutor.java:135)
	at org.apache.maven.surefire.testng.TestNGDirectoryTestSuite.executeSingleClass(TestNGDirectoryTestSuite.java:112)
	at org.apache.maven.surefire.testng.TestNGDirectoryTestSuite.execute(TestNGDirectoryTestSuite.java:99)
	at org.apache.maven.surefire.testng.TestNGProvider.invoke(TestNGProvider.java:146)
	at org.apache.maven.surefire.booter.ForkedBooter.invokeProviderInSameClassLoader(ForkedBooter.java:373)
	at org.apache.maven.surefire.booter.ForkedBooter.runSuitesInProcess(ForkedBooter.java:334)
	at org.apache.maven.surefire.booter.ForkedBooter.execute(ForkedBooter.java:119)
	at org.apache.maven.surefire.booter.ForkedBooter.main(ForkedBooter.java:407)
Caused by: com.consol.citrus.exceptions.TestCaseFailedException: Validation failed: Values not equal for header element &apos;citrus_http_status_code&apos;, expected &apos;201&apos; but was &apos;403&apos;
	at com.consol.citrus.TestCase.executeAction(TestCase.java:227)
	at com.consol.citrus.dsl.runner.DefaultTestRunner.run(DefaultTestRunner.java:188)
	at com.consol.citrus.dsl.runner.DefaultTestRunner.http(DefaultTestRunner.java:540)
	at com.consol.citrus.dsl.testng.TestNGCitrusTestRunner.http(TestNGCitrusTestRunner.java:375)
	at com.citrus.demo.citrustest.CitrusSampleTest.test(CitrusSampleTest.java:50)
	at sun.reflect.NativeMethodAccessorImpl.invoke0(Native Method)
	at sun.reflect.NativeMethodAccessorImpl.invoke(NativeMethodAccessorImpl.java:62)
	at sun.reflect.DelegatingMethodAccessorImpl.invoke(DelegatingMethodAccessorImpl.java:43)
	at java.lang.reflect.Method.invoke(Method.java:498)
	at org.springframework.util.ReflectionUtils.invokeMethod(ReflectionUtils.java:223)
	at com.consol.citrus.dsl.testng.TestNGCitrusTest.invokeTestMethod(TestNGCitrusTest.java:128)
	... 28 more
Caused by: com.consol.citrus.exceptions.ValidationException: Validation failed: Values not equal for header element &apos;citrus_http_status_code&apos;, expected &apos;201&apos; but was &apos;403&apos;
	at com.consol.citrus.validation.DefaultHeaderValidator.validateHeader(DefaultHeaderValidator.java:77)
	at com.consol.citrus.validation.DefaultMessageHeaderValidator.validateMessage(DefaultMessageHeaderValidator.java:90)
	at com.consol.citrus.validation.DefaultMessageHeaderValidator.validateMessage(DefaultMessageHeaderValidator.java:36)
	at com.consol.citrus.validation.AbstractMessageValidator.validateMessage(AbstractMessageValidator.java:46)
	at com.consol.citrus.actions.ReceiveMessageAction.validateMessage(ReceiveMessageAction.java:231)
	at com.consol.citrus.actions.ReceiveMessageAction.doExecute(ReceiveMessageAction.java:128)
	at com.consol.citrus.actions.AbstractTestAction.execute(AbstractTestAction.java:42)
	at com.consol.citrus.dsl.actions.DelegatingTestAction.doExecute(DelegatingTestAction.java:54)
	at com.consol.citrus.actions.AbstractTestAction.execute(AbstractTestAction.java:42)
	at com.consol.citrus.TestCase.executeAction(TestCase.java:220)
	... 38 more
Caused by: java.lang.IllegalArgumentException: Values not equal for header element &apos;citrus_http_status_code&apos;, expected &apos;201&apos; but was &apos;403&apos;
	at org.springframework.util.Assert.isTrue(Assert.java:116)
	at com.consol.citrus.validation.DefaultHeaderValidator.validateHeader(DefaultHeaderValidator.java:64)
	... 47 more
</pre></div></td>
<td>2</td>
<td>com.citrus.demo.citrustest.CitrusSampleTest@2aece37d</td></tr>
</table><p>
</body>
</html>