<?xml version="1.0" encoding="UTF-8"?>
<testng-results skipped="0" failed="1" ignored="0" total="1" passed="0">
  <reporter-output>
  </reporter-output>
  <suite name="Surefire suite" duration-ms="2733" started-at="2019-05-12T01:41:15Z" finished-at="2019-05-12T01:41:18Z">
    <groups>
    </groups>
    <test name="Surefire test" duration-ms="2733" started-at="2019-05-12T01:41:15Z" finished-at="2019-05-12T01:41:18Z">
      <class name="com.citrus.demo.citrustest.CitrusSampleTest">
        <test-method status="PASS" signature="beforeSuite(org.testng.ITestContext)[pri:0, instance:com.citrus.demo.citrustest.CitrusSampleTest@2aece37d]" name="beforeSuite" is-config="true" duration-ms="2707" started-at="2019-05-12T01:41:12Z" finished-at="2019-05-12T01:41:15Z">
          <params>
            <param index="0">
              <value>
                <![CDATA[org.testng.TestRunner@4cfbaf4]]>
              </value>
            </param>
          </params>
          <reporter-output>
          </reporter-output>
        </test-method> <!-- beforeSuite -->
        <test-method status="PASS" signature="springTestContextBeforeTestClass()[pri:0, instance:com.citrus.demo.citrustest.CitrusSampleTest@2aece37d]" name="springTestContextBeforeTestClass" is-config="true" duration-ms="0" started-at="2019-05-12T01:41:15Z" finished-at="2019-05-12T01:41:15Z">
          <reporter-output>
          </reporter-output>
        </test-method> <!-- springTestContextBeforeTestClass -->
        <test-method status="FAIL" signature="test()[pri:0, instance:com.citrus.demo.citrustest.CitrusSampleTest@2aece37d]" name="test" duration-ms="2653" started-at="2019-05-12T01:41:15Z" finished-at="2019-05-12T01:41:18Z">
          <exception class="com.consol.citrus.exceptions.TestCaseFailedException">
            <message>
              <![CDATA[Validation failed: Values not equal for header element 'citrus_http_status_code', expected '201' but was '403']]>
            </message>
            <full-stacktrace>
              <![CDATA[com.consol.citrus.exceptions.TestCaseFailedException: Validation failed: Values not equal for header element 'citrus_http_status_code', expected '201' but was '403'
at com.consol.citrus.dsl.testng.TestNGCitrusTest.invokeTestMethod(TestNGCitrusTest.java:131)
at com.consol.citrus.dsl.testng.TestNGCitrusTest.run(TestNGCitrusTest.java:110)
at com.consol.citrus.dsl.testng.TestNGCitrusTest.run(TestNGCitrusTest.java:56)
at org.testng.internal.MethodInvocationHelper.invokeHookable(MethodInvocationHelper.java:242)
at org.testng.internal.Invoker.invokeMethod(Invoker.java:579)
at org.testng.internal.Invoker.invokeTestMethod(Invoker.java:719)
at org.testng.internal.Invoker.invokeTestMethods(Invoker.java:989)
at org.testng.internal.TestMethodWorker.invokeTestMethods(TestMethodWorker.java:125)
at org.testng.internal.TestMethodWorker.run(TestMethodWorker.java:109)
at org.testng.TestRunner.privateRun(TestRunner.java:648)
at org.testng.TestRunner.run(TestRunner.java:505)
at org.testng.SuiteRunner.runTest(SuiteRunner.java:455)
at org.testng.SuiteRunner.runSequentially(SuiteRunner.java:450)
at org.testng.SuiteRunner.privateRun(SuiteRunner.java:415)
at org.testng.SuiteRunner.run(SuiteRunner.java:364)
at org.testng.SuiteRunnerWorker.runSuite(SuiteRunnerWorker.java:52)
at org.testng.SuiteRunnerWorker.run(SuiteRunnerWorker.java:84)
at org.testng.TestNG.runSuitesSequentially(TestNG.java:1208)
at org.testng.TestNG.runSuitesLocally(TestNG.java:1137)
at org.testng.TestNG.runSuites(TestNG.java:1049)
at org.testng.TestNG.run(TestNG.java:1017)
at org.apache.maven.surefire.testng.TestNGExecutor.run(TestNGExecutor.java:135)
at org.apache.maven.surefire.testng.TestNGDirectoryTestSuite.executeSingleClass(TestNGDirectoryTestSuite.java:112)
at org.apache.maven.surefire.testng.TestNGDirectoryTestSuite.execute(TestNGDirectoryTestSuite.java:99)
at org.apache.maven.surefire.testng.TestNGProvider.invoke(TestNGProvider.java:146)
at org.apache.maven.surefire.booter.ForkedBooter.invokeProviderInSameClassLoader(ForkedBooter.java:373)
at org.apache.maven.surefire.booter.ForkedBooter.runSuitesInProcess(ForkedBooter.java:334)
at org.apache.maven.surefire.booter.ForkedBooter.execute(ForkedBooter.java:119)
at org.apache.maven.surefire.booter.ForkedBooter.main(ForkedBooter.java:407)
Caused by: com.consol.citrus.exceptions.TestCaseFailedException: Validation failed: Values not equal for header element 'citrus_http_status_code', expected '201' but was '403'
at com.consol.citrus.TestCase.executeAction(TestCase.java:227)
at com.consol.citrus.dsl.runner.DefaultTestRunner.run(DefaultTestRunner.java:188)
at com.consol.citrus.dsl.runner.DefaultTestRunner.http(DefaultTestRunner.java:540)
at com.consol.citrus.dsl.testng.TestNGCitrusTestRunner.http(TestNGCitrusTestRunner.java:375)
at com.citrus.demo.citrustest.CitrusSampleTest.test(CitrusSampleTest.java:50)
at sun.reflect.NativeMethodAccessorImpl.invoke0(Native Method)
at sun.reflect.NativeMethodAccessorImpl.invoke(NativeMethodAccessorImpl.java:62)
at sun.reflect.DelegatingMethodAccessorImpl.invoke(DelegatingMethodAccessorImpl.java:43)
at java.lang.reflect.Method.invoke(Method.java:498)
at org.springframework.util.ReflectionUtils.invokeMethod(ReflectionUtils.java:223)
at com.consol.citrus.dsl.testng.TestNGCitrusTest.invokeTestMethod(TestNGCitrusTest.java:128)
... 28 more
Caused by: com.consol.citrus.exceptions.ValidationException: Validation failed: Values not equal for header element 'citrus_http_status_code', expected '201' but was '403'
at com.consol.citrus.validation.DefaultHeaderValidator.validateHeader(DefaultHeaderValidator.java:77)
at com.consol.citrus.validation.DefaultMessageHeaderValidator.validateMessage(DefaultMessageHeaderValidator.java:90)
at com.consol.citrus.validation.DefaultMessageHeaderValidator.validateMessage(DefaultMessageHeaderValidator.java:36)
at com.consol.citrus.validation.AbstractMessageValidator.validateMessage(AbstractMessageValidator.java:46)
at com.consol.citrus.actions.ReceiveMessageAction.validateMessage(ReceiveMessageAction.java:231)
at com.consol.citrus.actions.ReceiveMessageAction.doExecute(ReceiveMessageAction.java:128)
at com.consol.citrus.actions.AbstractTestAction.execute(AbstractTestAction.java:42)
at com.consol.citrus.dsl.actions.DelegatingTestAction.doExecute(DelegatingTestAction.java:54)
at com.consol.citrus.actions.AbstractTestAction.execute(AbstractTestAction.java:42)
at com.consol.citrus.TestCase.executeAction(TestCase.java:220)
... 38 more
Caused by: java.lang.IllegalArgumentException: Values not equal for header element 'citrus_http_status_code', expected '201' but was '403'
at org.springframework.util.Assert.isTrue(Assert.java:116)
at com.consol.citrus.validation.DefaultHeaderValidator.validateHeader(DefaultHeaderValidator.java:64)
... 47 more
]]>
            </full-stacktrace>
          </exception> <!-- com.consol.citrus.exceptions.TestCaseFailedException -->
          <reporter-output>
          </reporter-output>
        </test-method> <!-- test -->
        <test-method status="PASS" signature="springTestContextPrepareTestInstance()[pri:0, instance:com.citrus.demo.citrustest.CitrusSampleTest@2aece37d]" name="springTestContextPrepareTestInstance" is-config="true" duration-ms="0" started-at="2019-05-12T01:41:15Z" depends-on-methods="org.springframework.test.context.testng.AbstractTestNGSpringContextTests.springTestContextBeforeTestClass" finished-at="2019-05-12T01:41:15Z">
          <reporter-output>
          </reporter-output>
        </test-method> <!-- springTestContextPrepareTestInstance -->
        <test-method status="PASS" signature="springTestContextBeforeTestMethod(java.lang.reflect.Method)[pri:0, instance:com.citrus.demo.citrustest.CitrusSampleTest@2aece37d]" name="springTestContextBeforeTestMethod" is-config="true" duration-ms="0" started-at="2019-05-12T01:41:15Z" finished-at="2019-05-12T01:41:15Z">
          <params>
            <param index="0">
              <value>
                <![CDATA[public void com.citrus.demo.citrustest.CitrusSampleTest.test()]]>
              </value>
            </param>
          </params>
          <reporter-output>
          </reporter-output>
        </test-method> <!-- springTestContextBeforeTestMethod -->
        <test-method status="PASS" signature="springTestContextAfterTestClass()[pri:0, instance:com.citrus.demo.citrustest.CitrusSampleTest@2aece37d]" name="springTestContextAfterTestClass" is-config="true" duration-ms="0" started-at="2019-05-12T01:41:18Z" finished-at="2019-05-12T01:41:18Z">
          <reporter-output>
          </reporter-output>
        </test-method> <!-- springTestContextAfterTestClass -->
        <test-method status="PASS" signature="springTestContextAfterTestMethod(java.lang.reflect.Method)[pri:0, instance:com.citrus.demo.citrustest.CitrusSampleTest@2aece37d]" name="springTestContextAfterTestMethod" is-config="true" duration-ms="0" started-at="2019-05-12T01:41:18Z" finished-at="2019-05-12T01:41:18Z">
          <params>
            <param index="0">
              <value>
                <![CDATA[public void com.citrus.demo.citrustest.CitrusSampleTest.test()]]>
              </value>
            </param>
          </params>
          <reporter-output>
          </reporter-output>
        </test-method> <!-- springTestContextAfterTestMethod -->
        <test-method status="PASS" signature="afterSuite(org.testng.ITestContext)[pri:0, instance:com.citrus.demo.citrustest.CitrusSampleTest@2aece37d]" name="afterSuite" is-config="true" duration-ms="68" started-at="2019-05-12T01:41:18Z" finished-at="2019-05-12T01:41:18Z">
          <params>
            <param index="0">
              <value>
                <![CDATA[org.testng.TestRunner@4cfbaf4]]>
              </value>
            </param>
          </params>
          <reporter-output>
          </reporter-output>
        </test-method> <!-- afterSuite -->
      </class> <!-- com.citrus.demo.citrustest.CitrusSampleTest -->
    </test> <!-- Surefire test -->
  </suite> <!-- Surefire suite -->
</testng-results>
